# JRE version: OpenJDK Runtime Environment (11.0.1.6+8) (build 11.0.1.6+8-201904021626)
# Java VM: Dynamic Code Evolution 64-Bit Server VM (11.0.1.6+8-201904021626, mixed mode, tiered, compressed oops, serial gc, bsd-amd64)
Heap:
 def new generation   total 39424K, used 5228K [0x0000000780000000, 0x0000000782ac0000, 0x00000007aaaa0000)
  eden space 35072K,  14% used [0x0000000780000000, 0x000000078051b098, 0x0000000782240000)
  from space 4352K,   0% used [0x0000000782240000, 0x0000000782240000, 0x0000000782680000)
  to   space 4352K,   0% used [0x0000000782680000, 0x0000000782680000, 0x0000000782ac0000)
 tenured generation   total 87424K, used 30102K [0x00000007aaaa0000, 0x00000007b0000000, 0x0000000800000000)
   the space 87424K,  34% used [0x00000007aaaa0000, 0x00000007ac8058b8, 0x00000007ac805a00, 0x00000007b0000000)
 Metaspace       used 99747K, capacity 101885K, committed 106368K, reserved 1142784K
  class space    used 12089K, capacity 12884K, committed 13952K, reserved 1048576K
GC Heap History (10 events):
Event: 16202.883 GC heap before
{Heap before GC invocations=120 (full 23):
 def new generation   total 39424K, used 1354K [0x0000000780000000, 0x0000000782ac0000, 0x00000007aaaa0000)
  eden space 35072K,   3% used [0x0000000780000000, 0x0000000780152920, 0x0000000782240000)
  from space 4352K,   0% used [0x0000000782240000, 0x0000000782240000, 0x0000000782680000)
  to   space 4352K,   0% used [0x0000000782680000, 0x0000000782680000, 0x0000000782ac0000)
 tenured generation   total 87424K, used 29494K [0x00000007aaaa0000, 0x00000007b0000000, 0x0000000800000000)
   the space 87424K,  33% used [0x00000007aaaa0000, 0x00000007ac76d888, 0x00000007ac76da00, 0x00000007b0000000)
 Metaspace       used 97899K, capacity 99852K, committed 101504K, reserved 1138688K
  class space    used 11925K, capacity 12655K, committed 13184K, reserved 1048576K
}
Event: 16203.084 GC heap after
{Heap after GC invocations=121 (full 24):
 def new generation   total 39424K, used 0K [0x0000000780000000, 0x0000000782ac0000, 0x00000007aaaa0000)
  eden space 35072K,   0% used [0x0000000780000000, 0x0000000780000000, 0x0000000782240000)
  from space 4352K,   0% used [0x0000000782240000, 0x0000000782240000, 0x0000000782680000)
  to   space 4352K,   0% used [0x0000000782680000, 0x0000000782680000, 0x0000000782ac0000)
 tenured generation   total 87424K, used 29498K [0x00000007aaaa0000, 0x00000007b0000000, 0x0000000800000000)
   the space 87424K,  33% used [0x00000007aaaa0000, 0x00000007ac76ea88, 0x00000007ac76ec00, 0x00000007b0000000)
 Metaspace       used 97897K, capacity 99846K, committed 101504K, reserved 1138688K
  class space    used 11925K, capacity 12654K, committed 13184K, reserved 1048576K
}
Event: 16203.355 GC heap before
{Heap before GC invocations=121 (full 24):
 def new generation   total 39424K, used 1837K [0x0000000780000000, 0x0000000782ac0000, 0x00000007aaaa0000)
  eden space 35072K,   5% used [0x0000000780000000, 0x00000007801cb718, 0x0000000782240000)
  from space 4352K,   0% used [0x0000000782240000, 0x0000000782240000, 0x0000000782680000)
  to   space 4352K,   0% used [0x0000000782680000, 0x0000000782680000, 0x0000000782ac0000)
 tenured generation   total 87424K, used 29498K [0x00000007aaaa0000, 0x00000007b0000000, 0x0000000800000000)
   the space 87424K,  33% used [0x00000007aaaa0000, 0x00000007ac76ea88, 0x00000007ac76ec00, 0x00000007b0000000)
 Metaspace       used 97910K, capacity 99852K, committed 101504K, reserved 1138688K
  class space    used 11927K, capacity 12655K, committed 13184K, reserved 1048576K
}
Event: 16203.672 GC heap after
{Heap after GC invocations=122 (full 25):
 def new generation   total 39424K, used 0K [0x0000000780000000, 0x0000000782ac0000, 0x00000007aaaa0000)
  eden space 35072K,   0% used [0x0000000780000000, 0x0000000780000000, 0x0000000782240000)
  from space 4352K,   0% used [0x0000000782240000, 0x0000000782240000, 0x0000000782680000)
  to   space 4352K,   0% used [0x0000000782680000, 0x0000000782680000, 0x0000000782ac0000)
 tenured generation   total 87424K, used 29519K [0x00000007aaaa0000, 0x00000007b0000000, 0x0000000800000000)
   the space 87424K,  33% used [0x00000007aaaa0000, 0x00000007ac773c00, 0x00000007ac773c00, 0x00000007b0000000)
 Metaspace       used 97908K, capacity 99846K, committed 101504K, reserved 1138688K
  class space    used 11927K, capacity 12654K, committed 13184K, reserved 1048576K
}
Event: 16204.263 GC heap before
{Heap before GC invocations=122 (full 25):
 def new generation   total 39424K, used 35072K [0x0000000780000000, 0x0000000782ac0000, 0x00000007aaaa0000)
  eden space 35072K, 100% used [0x0000000780000000, 0x0000000782240000, 0x0000000782240000)
  from space 4352K,   0% used [0x0000000782240000, 0x0000000782240000, 0x0000000782680000)
  to   space 4352K,   0% used [0x0000000782680000, 0x0000000782680000, 0x0000000782ac0000)
 tenured generation   total 87424K, used 29519K [0x00000007aaaa0000, 0x00000007b0000000, 0x0000000800000000)
   the space 87424K,  33% used [0x00000007aaaa0000, 0x00000007ac773c00, 0x00000007ac773c00, 0x00000007b0000000)
 Metaspace       used 99325K, capacity 101724K, committed 103040K, reserved 1138688K
  class space    used 12080K, capacity 13001K, committed 13440K, reserved 1048576K
}
Event: 16204.275 GC heap after
{Heap after GC invocations=123 (full 25):
 def new generation   total 39424K, used 630K [0x0000000780000000, 0x0000000782ac0000, 0x00000007aaaa0000)
  eden space 35072K,   0% used [0x0000000780000000, 0x0000000780000000, 0x0000000782240000)
  from space 4352K,  14% used [0x0000000782680000, 0x000000078271da98, 0x0000000782ac0000)
  to   space 4352K,   0% used [0x0000000782240000, 0x0000000782240000, 0x0000000782680000)
 tenured generation   total 87424K, used 29519K [0x00000007aaaa0000, 0x00000007b0000000, 0x0000000800000000)
   the space 87424K,  33% used [0x00000007aaaa0000, 0x00000007ac773c00, 0x00000007ac773c00, 0x00000007b0000000)
 Metaspace       used 99325K, capacity 101724K, committed 103040K, reserved 1138688K
  class space    used 12080K, capacity 13001K, committed 13440K, reserved 1048576K
}
Event: 16205.060 GC heap before
{Heap before GC invocations=123 (full 25):
 def new generation   total 39424K, used 35691K [0x0000000780000000, 0x0000000782ac0000, 0x00000007aaaa0000)
  eden space 35072K,  99% used [0x0000000780000000, 0x000000078223d240, 0x0000000782240000)
  from space 4352K,  14% used [0x0000000782680000, 0x000000078271da98, 0x0000000782ac0000)
  to   space 4352K,   0% used [0x0000000782240000, 0x0000000782240000, 0x0000000782680000)
 tenured generation   total 87424K, used 29519K [0x00000007aaaa0000, 0x00000007b0000000, 0x0000000800000000)
   the space 87424K,  33% used [0x00000007aaaa0000, 0x00000007ac773c00, 0x00000007ac773c00, 0x00000007b0000000)
 Metaspace       used 100835K, capacity 103676K, committed 104832K, reserved 1140736K
  class space    used 12246K, capacity 13353K, committed 13696K, reserved 1048576K
}
Event: 16205.068 GC heap after
{Heap after GC invocations=124 (full 25):
 def new generation   total 39424K, used 1044K [0x0000000780000000, 0x0000000782ac0000, 0x00000007aaaa0000)
  eden space 35072K,   0% used [0x0000000780000000, 0x0000000780000000, 0x0000000782240000)
  from space 4352K,  23% used [0x0000000782240000, 0x0000000782345098, 0x0000000782680000)
  to   space 4352K,   0% used [0x0000000782680000, 0x0000000782680000, 0x0000000782ac0000)
 tenured generation   total 87424K, used 29519K [0x00000007aaaa0000, 0x00000007b0000000, 0x0000000800000000)
   the space 87424K,  33% used [0x00000007aaaa0000, 0x00000007ac773c00, 0x00000007ac773c00, 0x00000007b0000000)
 Metaspace       used 100835K, capacity 103676K, committed 104832K, reserved 1140736K
  class space    used 12246K, capacity 13353K, committed 13696K, reserved 1048576K
}
Event: 16208.356 GC heap before
{Heap before GC invocations=124 (full 25):
 def new generation   total 39424K, used 29399K [0x0000000780000000, 0x0000000782ac0000, 0x00000007aaaa0000)
  eden space 35072K,  80% used [0x0000000780000000, 0x0000000781bb0c58, 0x0000000782240000)
  from space 4352K,  23% used [0x0000000782240000, 0x0000000782345098, 0x0000000782680000)
  to   space 4352K,   0% used [0x0000000782680000, 0x0000000782680000, 0x0000000782ac0000)
 tenured generation   total 87424K, used 29519K [0x00000007aaaa0000, 0x00000007b0000000, 0x0000000800000000)
   the space 87424K,  33% used [0x00000007aaaa0000, 0x00000007ac773c00, 0x00000007ac773c00, 0x00000007b0000000)
 Metaspace       used 102104K, capacity 105287K, committed 106368K, reserved 1142784K
  class space    used 12356K, capacity 13634K, committed 13952K, reserved 1048576K
}
Event: 16208.517 GC heap after
{Heap after GC invocations=125 (full 26):
 def new generation   total 39424K, used 0K [0x0000000780000000, 0x0000000782ac0000, 0x00000007aaaa0000)
  eden space 35072K,   0% used [0x0000000780000000, 0x0000000780000000, 0x0000000782240000)
  from space 4352K,   0% used [0x0000000782240000, 0x0000000782240000, 0x0000000782680000)
  to   space 4352K,   0% used [0x0000000782680000, 0x0000000782680000, 0x0000000782ac0000)
 tenured generation   total 87424K, used 30102K [0x00000007aaaa0000, 0x00000007b0000000, 0x0000000800000000)
   the space 87424K,  34% used [0x00000007aaaa0000, 0x00000007ac8058b8, 0x00000007ac805a00, 0x00000007b0000000)
 Metaspace       used 99607K, capacity 101712K, committed 106368K, reserved 1142784K
  class space    used 12066K, capacity 12848K, committed 13952K, reserved 1048576K
}

